<testsuites id="" name="" tests="8" failures="0" skipped="0" errors="6" time="6.531042">
<testsuite name="ui\inventory\inventory.spec.ts" timestamp="2026-06-27T13:12:09.899Z" hostname="chromium" tests="2" failures="0" skipped="0" time="4.411" errors="0">
<testcase name="Inventory Feature › Should validate all product prices are non-zero" classname="ui\inventory\inventory.spec.ts" time="2.107">
<properties>
<property name="Story" value="Validate product prices and cart checkout flow on SauceDemo">
</property>
<property name="Test" value="Validating the prices of all products">
</property>
</properties>
<system-out>
<![CDATA[Product: Sauce Labs Backpack, Price: $29.99
Product: Sauce Labs Bike Light, Price: $9.99
Product: Sauce Labs Bolt T-Shirt, Price: $15.99
Product: Sauce Labs Fleece Jacket, Price: $49.99
Product: Sauce Labs Onesie, Price: $7.99
Product: Test.allTheThings() T-Shirt (Red), Price: $15.99
>> Price array: 29.99,9.99,15.99,49.99,7.99,15.99
All product prices are non-zero
]]>
</system-out>
</testcase>
<testcase name="Inventory Feature › Should add products to cart, complete checkout and verify order confirmation" classname="ui\inventory\inventory.spec.ts" time="2.304">
<properties>
<property name="Story" value="Validate product prices and cart checkout flow on SauceDemo">
</property>
</properties>
</testcase>
</testsuite>
<testsuite name="ui\inventory\inventory.spec.ts" timestamp="2026-06-27T13:12:09.899Z" hostname="firefox" tests="2" failures="0" skipped="0" time="0.013" errors="2">
<testcase name="Inventory Feature › Should validate all product prices are non-zero" classname="ui\inventory\inventory.spec.ts" time="0.007">
<properties>
<property name="Story" value="Validate product prices and cart checkout flow on SauceDemo">
</property>
<property name="Test" value="Validating the prices of all products">
</property>
</properties>
<system-out>
<![CDATA[
[[ATTACHMENT|ui-inventory-inventory-Inv-9c821-product-prices-are-non-zero-firefox\error-context.md]]
]]>
</system-out>
<error message="browserType.launch: Executable doesn&apos;t exist at C:\Users\anmol\AppData\Local\ms-playwright\firefox-1532\firefox\firefox.exe" type="Error">
<![CDATA[  [firefox] › ui\inventory\inventory.spec.ts:28:5 › Inventory Feature › Should validate all product prices are non-zero @smoke 

    Error: browserType.launch: Executable doesn't exist at C:\Users\anmol\AppData\Local\ms-playwright\firefox-1532\firefox\firefox.exe
    ╔════════════════════════════════════════════════════════════╗
    ║ Looks like Playwright was just installed or updated.       ║
    ║ Please run the following command to download new browsers: ║
    ║                                                            ║
    ║     npx playwright install                                 ║
    ║                                                            ║
    ║ <3 Playwright Team                                         ║
    ╚════════════════════════════════════════════════════════════╝

    Error Context: ..\test-results\ui-inventory-inventory-Inv-9c821-product-prices-are-non-zero-firefox\error-context.md
]]>
</error>
</testcase>
<testcase name="Inventory Feature › Should add products to cart, complete checkout and verify order confirmation" classname="ui\inventory\inventory.spec.ts" time="0.006">
<properties>
<property name="Story" value="Validate product prices and cart checkout flow on SauceDemo">
</property>
</properties>
<system-out>
<![CDATA[
[[ATTACHMENT|ui-inventory-inventory-Inv-e2373-d-verify-order-confirmation-firefox\error-context.md]]
]]>
</system-out>
<error message="browserType.launch: Executable doesn&apos;t exist at C:\Users\anmol\AppData\Local\ms-playwright\firefox-1532\firefox\firefox.exe" type="Error">
<![CDATA[  [firefox] › ui\inventory\inventory.spec.ts:42:5 › Inventory Feature › Should add products to cart, complete checkout and verify order confirmation @regression 

    Error: browserType.launch: Executable doesn't exist at C:\Users\anmol\AppData\Local\ms-playwright\firefox-1532\firefox\firefox.exe
    ╔════════════════════════════════════════════════════════════╗
    ║ Looks like Playwright was just installed or updated.       ║
    ║ Please run the following command to download new browsers: ║
    ║                                                            ║
    ║     npx playwright install                                 ║
    ║                                                            ║
    ║ <3 Playwright Team                                         ║
    ╚════════════════════════════════════════════════════════════╝

    Error Context: ..\test-results\ui-inventory-inventory-Inv-e2373-d-verify-order-confirmation-firefox\error-context.md
]]>
</error>
</testcase>
</testsuite>
<testsuite name="ui\inventory\inventory.spec.ts" timestamp="2026-06-27T13:12:09.899Z" hostname="webkit" tests="2" failures="0" skipped="0" time="0.009" errors="2">
<testcase name="Inventory Feature › Should validate all product prices are non-zero" classname="ui\inventory\inventory.spec.ts" time="0.004">
<properties>
<property name="Story" value="Validate product prices and cart checkout flow on SauceDemo">
</property>
<property name="Test" value="Validating the prices of all products">
</property>
</properties>
<system-out>
<![CDATA[
[[ATTACHMENT|ui-inventory-inventory-Inv-9c821-product-prices-are-non-zero-webkit\error-context.md]]
]]>
</system-out>
<error message="browserType.launch: Executable doesn&apos;t exist at C:\Users\anmol\AppData\Local\ms-playwright\webkit-2311\Playwright.exe" type="Error">
<![CDATA[  [webkit] › ui\inventory\inventory.spec.ts:28:5 › Inventory Feature › Should validate all product prices are non-zero @smoke 

    Error: browserType.launch: Executable doesn't exist at C:\Users\anmol\AppData\Local\ms-playwright\webkit-2311\Playwright.exe
    ╔════════════════════════════════════════════════════════════╗
    ║ Looks like Playwright was just installed or updated.       ║
    ║ Please run the following command to download new browsers: ║
    ║                                                            ║
    ║     npx playwright install                                 ║
    ║                                                            ║
    ║ <3 Playwright Team                                         ║
    ╚════════════════════════════════════════════════════════════╝

    Error Context: ..\test-results\ui-inventory-inventory-Inv-9c821-product-prices-are-non-zero-webkit\error-context.md
]]>
</error>
</testcase>
<testcase name="Inventory Feature › Should add products to cart, complete checkout and verify order confirmation" classname="ui\inventory\inventory.spec.ts" time="0.005">
<properties>
<property name="Story" value="Validate product prices and cart checkout flow on SauceDemo">
</property>
</properties>
<system-out>
<![CDATA[
[[ATTACHMENT|ui-inventory-inventory-Inv-e2373-d-verify-order-confirmation-webkit\error-context.md]]
]]>
</system-out>
<error message="browserType.launch: Executable doesn&apos;t exist at C:\Users\anmol\AppData\Local\ms-playwright\webkit-2311\Playwright.exe" type="Error">
<![CDATA[  [webkit] › ui\inventory\inventory.spec.ts:42:5 › Inventory Feature › Should add products to cart, complete checkout and verify order confirmation @regression 

    Error: browserType.launch: Executable doesn't exist at C:\Users\anmol\AppData\Local\ms-playwright\webkit-2311\Playwright.exe
    ╔════════════════════════════════════════════════════════════╗
    ║ Looks like Playwright was just installed or updated.       ║
    ║ Please run the following command to download new browsers: ║
    ║                                                            ║
    ║     npx playwright install                                 ║
    ║                                                            ║
    ║ <3 Playwright Team                                         ║
    ╚════════════════════════════════════════════════════════════╝

    Error Context: ..\test-results\ui-inventory-inventory-Inv-e2373-d-verify-order-confirmation-webkit\error-context.md
]]>
</error>
</testcase>
</testsuite>
<testsuite name="ui\inventory\inventory.spec.ts" timestamp="2026-06-27T13:12:09.899Z" hostname="Mobile Chrome" tests="2" failures="0" skipped="0" time="0.012" errors="2">
<testcase name="Inventory Feature › Should validate all product prices are non-zero" classname="ui\inventory\inventory.spec.ts" time="0.005">
<properties>
<property name="Story" value="Validate product prices and cart checkout flow on SauceDemo">
</property>
<property name="Test" value="Validating the prices of all products">
</property>
</properties>
<system-out>
<![CDATA[
[[ATTACHMENT|ui-inventory-inventory-Inv-9c821-product-prices-are-non-zero-Mobile-Chrome\error-context.md]]
]]>
</system-out>
<error message="browserType.launch: Executable doesn&apos;t exist at C:\Users\anmol\AppData\Local\ms-playwright\webkit-2311\Playwright.exe" type="Error">
<![CDATA[  [Mobile Chrome] › ui\inventory\inventory.spec.ts:28:5 › Inventory Feature › Should validate all product prices are non-zero @smoke 

    Error: browserType.launch: Executable doesn't exist at C:\Users\anmol\AppData\Local\ms-playwright\webkit-2311\Playwright.exe
    ╔════════════════════════════════════════════════════════════╗
    ║ Looks like Playwright was just installed or updated.       ║
    ║ Please run the following command to download new browsers: ║
    ║                                                            ║
    ║     npx playwright install                                 ║
    ║                                                            ║
    ║ <3 Playwright Team                                         ║
    ╚════════════════════════════════════════════════════════════╝

    Error Context: ..\test-results\ui-inventory-inventory-Inv-9c821-product-prices-are-non-zero-Mobile-Chrome\error-context.md
]]>
</error>
</testcase>
<testcase name="Inventory Feature › Should add products to cart, complete checkout and verify order confirmation" classname="ui\inventory\inventory.spec.ts" time="0.007">
<properties>
<property name="Story" value="Validate product prices and cart checkout flow on SauceDemo">
</property>
</properties>
<system-out>
<![CDATA[
[[ATTACHMENT|ui-inventory-inventory-Inv-e2373-d-verify-order-confirmation-Mobile-Chrome\error-context.md]]
]]>
</system-out>
<error message="browserType.launch: Executable doesn&apos;t exist at C:\Users\anmol\AppData\Local\ms-playwright\webkit-2311\Playwright.exe" type="Error">
<![CDATA[  [Mobile Chrome] › ui\inventory\inventory.spec.ts:42:5 › Inventory Feature › Should add products to cart, complete checkout and verify order confirmation @regression 

    Error: browserType.launch: Executable doesn't exist at C:\Users\anmol\AppData\Local\ms-playwright\webkit-2311\Playwright.exe
    ╔════════════════════════════════════════════════════════════╗
    ║ Looks like Playwright was just installed or updated.       ║
    ║ Please run the following command to download new browsers: ║
    ║                                                            ║
    ║     npx playwright install                                 ║
    ║                                                            ║
    ║ <3 Playwright Team                                         ║
    ╚════════════════════════════════════════════════════════════╝

    Error Context: ..\test-results\ui-inventory-inventory-Inv-e2373-d-verify-order-confirmation-Mobile-Chrome\error-context.md
]]>
</error>
</testcase>
</testsuite>
</testsuites>